<?xml version="1.0" encoding="UTF-8"?>
<!-- Generated by org.testng.reporters.JUnitReportReporter -->
<testsuite skipped="0" hostname="Imrans-MacBook-Air.local" name="testcases.TestProviderligInPage" tests="1" failures="0" timestamp="06 Jan 2018 17:40:40 GMT" time="9.062" errors="0">
  <testcase name="testProviderLogIn" time="9.062" classname="testcases.TestProviderligInPage"/>
</testsuite> <!-- testcases.TestProviderligInPage -->
