<?xml version="1.0" encoding="UTF-8"?>
<!-- Generated by org.testng.reporters.JUnitReportReporter -->
<testsuite skipped="0" hostname="Imrans-MacBook-Air.local" name="testcases.TestMemberLogInPage" tests="2" failures="0" timestamp="06 Jan 2018 17:40:40 GMT" time="26.915" errors="0">
  <testcase name="testForgetPassword" time="15.380" classname="testcases.TestMemberLogInPage"/>
  <testcase name="testMemberLogIn" time="11.535" classname="testcases.TestMemberLogInPage"/>
</testsuite> <!-- testcases.TestMemberLogInPage -->
