<?xml version="1.0" encoding="UTF-8"?>
<!-- Generated by org.testng.reporters.JUnitReportReporter -->
<testsuite skipped="0" hostname="Imrans-MacBook-Air.local" name="testcases.TestMemberSignUp" tests="1" failures="0" timestamp="06 Jan 2018 17:40:40 GMT" time="15.751" errors="0">
  <testcase name="testMemberSignUp" time="15.751" classname="testcases.TestMemberSignUp"/>
</testsuite> <!-- testcases.TestMemberSignUp -->
