<?xml version="1.0" encoding="UTF-8"?>
<!-- Generated by org.testng.reporters.JUnitReportReporter -->
<testsuite skipped="0" hostname="Imrans-MacBook-Air.local" name="testcases.TestHomePage" tests="2" failures="0" timestamp="06 Jan 2018 17:40:40 GMT" time="18.391" errors="0">
  <testcase name="testSearch" time="9.039" classname="testcases.TestHomePage"/>
  <testcase name="testLangChangeEnglishToChinese" time="9.352" classname="testcases.TestHomePage"/>
</testsuite> <!-- testcases.TestHomePage -->
